<?xml version="1.0" encoding="UTF-8"?>
<!-- Generated by org.testng.reporters.JUnitReportReporter -->
<testsuite hostname="Punarvis-Laptop.local" failures="0" tests="1" name="Introduction1" time="3.731" errors="0" timestamp="2024-03-18T13:09:38 SGT" skipped="0">
  <testcase classname="Introduction1" name="login" time="3.731"/>
  <system-out/>
</testsuite> <!-- Introduction1 -->
