<?xml version="1.0" encoding="UTF-8"?>
<!-- Generated by org.testng.reporters.JUnitReportReporter -->
<testsuite hostname="Punarvis-Laptop.local" failures="0" tests="3" name="Intro2" time="0.003" errors="0" timestamp="2024-03-18T13:10:57 SGT" skipped="0">
  <testcase classname="Intro2" name="Method2" time="0.000"/>
  <system-out/>
  <testcase classname="Intro2" name="Method1" time="0.003"/>
  <system-out/>
  <testcase classname="Intro2" name="Method3" time="0.000"/>
  <system-out/>
</testsuite> <!-- Intro2 -->
